Copyright 1986-2022 Xilinx, Inc. All Rights Reserved. Copyright 2022-2024 Advanced Micro Devices, Inc. All Rights Reserved.
---------------------------------------------------------------------------------------------------------------------------------------------
| Tool Version : Vivado v.2024.2 (lin64) Build 5239630 Fri Nov 08 22:34:34 MST 2024
| Date         : Sat Mar  1 21:31:31 2025
| Host         : thinkpad-p1-gen-5 running 64-bit Ubuntu 24.10
| Command      : report_control_sets -verbose -file wallypipelinedsoc_control_sets_placed.rpt
| Design       : wallypipelinedsoc
| Device       : xck26
---------------------------------------------------------------------------------------------------------------------------------------------

Control Set Information

Table of Contents
-----------------
1. Summary
2. Histogram
3. Flip-Flop Distribution
4. Detailed Control Set Information

1. Summary
----------

+----------------------------------------------------------+-------+
|                          Status                          | Count |
+----------------------------------------------------------+-------+
| Total control sets                                       |   216 |
|    Minimum number of control sets                        |   216 |
|    Addition due to synthesis replication                 |     0 |
|    Addition due to physical synthesis replication        |     0 |
| Unused register locations in slices containing registers |   277 |
+----------------------------------------------------------+-------+
* Control sets can be merged at opt_design using control_set_merge or merge_equivalent_drivers
** Run report_qor_suggestions for automated merging and remapping suggestions


2. Histogram
------------

+--------------------+-------+
|       Fanout       | Count |
+--------------------+-------+
| Total control sets |   216 |
| >= 0 to < 4        |   147 |
| >= 4 to < 6        |     6 |
| >= 6 to < 8        |    36 |
| >= 8 to < 10       |     0 |
| >= 10 to < 12      |     0 |
| >= 12 to < 14      |     3 |
| >= 14 to < 16      |     1 |
| >= 16              |    23 |
+--------------------+-------+
* Control sets can be remapped at either synth_design or opt_design


3. Flip-Flop Distribution
-------------------------

+--------------+-----------------------+------------------------+-----------------+--------------+
| Clock Enable | Synchronous Set/Reset | Asynchronous Set/Reset | Total Registers | Total Slices |
+--------------+-----------------------+------------------------+-----------------+--------------+
| No           | No                    | No                     |              80 |           57 |
| No           | No                    | Yes                    |               0 |            0 |
| No           | Yes                   | No                     |              12 |            6 |
| Yes          | No                    | No                     |            1491 |          334 |
| Yes          | No                    | Yes                    |               0 |            0 |
| Yes          | Yes                   | No                     |             228 |           78 |
+--------------+-----------------------+------------------------+-----------------+--------------+


4. Detailed Control Set Information
-----------------------------------

+-----------------+-----------------------------------------------------------------------------------------------------------+--------------------------------------------------------------------------------+------------------+----------------+--------------+
|   Clock Signal  |                                               Enable Signal                                               |                                Set/Reset Signal                                | Slice Load Count | Bel Load Count | Bels / Slice |
+-----------------+-----------------------------------------------------------------------------------------------------------+--------------------------------------------------------------------------------+------------------+----------------+--------------+
|  HCLK_OBUF_BUFG | core/lsu/hptw.hptw/WalkerStateReg/q_reg[2]_CE_cooolgate_en_sig_219                                        |                                                                                |                1 |              1 |         1.00 |
|  HCLK_OBUF_BUFG | core/lsu/dmmu.dmmu/tlb.tlb/tlbcam/camlines[23]/validbitflop/q_reg[0]_CE_cooolgate_en_sig_159              |                                                                                |                1 |              1 |         1.00 |
|  HCLK_OBUF_BUFG | core/lsu/hptw.hptw/WalkerStateReg/q_reg[0]_CE_cooolgate_en_sig_216                                        |                                                                                |                1 |              1 |         1.00 |
|  HCLK_OBUF_BUFG | core/lsu/bus.dcache.dcache/cachefsm/FSM_sequential_CurrState_reg[0]_CE_cooolgate_en_sig_221               | core/lsu/hptw.hptw/WalkerStateReg/IgnoreRequest                                |                1 |              1 |         1.00 |
|  HCLK_OBUF_BUFG | core/ieu/c/controlregE/q_reg[0]_CE_cooolgate_en_sig_4                                                     | core/ieu/c/controlregD/q_reg[0]_1                                              |                1 |              1 |         1.00 |
|  HCLK_OBUF_BUFG | core/lsu/hptw.hptw/WalkerStateReg/q_reg[1]_CE_cooolgate_en_sig_222                                        |                                                                                |                1 |              1 |         1.00 |
|  HCLK_OBUF_BUFG | core/lsu/hptw.hptw/WalkerStateReg/q_reg[3]_CE_cooolgate_en_sig_220                                        |                                                                                |                1 |              1 |         1.00 |
|  HCLK_OBUF_BUFG | core/lsu/dmmu.dmmu/tlb.tlb/tlbcam/camlines[22]/validbitflop/q_reg[0]_CE_cooolgate_en_sig_158              |                                                                                |                1 |              1 |         1.00 |
|  HCLK_OBUF_BUFG | core/lsu/bus.dcache.ahbcacheinterface/AHBBuscachefsm/FSM_onehot_CurrState_reg[0]_CE_cooolgate_en_sig_223  | core/lsu/hptw.hptw/WalkerStateReg/IgnoreRequest                                |                1 |              1 |         1.00 |
|  HCLK_OBUF_BUFG | core/lsu/bus.dcache.dcache/cachefsm/FSM_sequential_CurrState_reg[1]_CE_cooolgate_en_sig_218               | core/lsu/hptw.hptw/WalkerStateReg/IgnoreRequest                                |                1 |              1 |         1.00 |
|  HCLK_OBUF_BUFG | core/ieu/c/controlregD/q_reg[0]_CE_cooolgate_en_sig_215                                                   |                                                                                |                1 |              1 |         1.00 |
|  HCLK_OBUF_BUFG | core/lsu/dmmu.dmmu/tlb.tlb/tlbcam/camlines[27]/validbitflop/q_reg[0]_CE_cooolgate_en_sig_160              |                                                                                |                1 |              1 |         1.00 |
|  HCLK_OBUF_BUFG | core/lsu/bus.dcache.dcache/cachefsm/FSM_sequential_CurrState_reg[2]_CE_cooolgate_en_sig_217               | core/lsu/hptw.hptw/WalkerStateReg/IgnoreRequest                                |                1 |              1 |         1.00 |
|  HCLK_OBUF_BUFG | core/lsu/bus.dcache.ahbcacheinterface/AHBBuscachefsm/FSM_onehot_CurrState_reg[1]_CE_cooolgate_en_sig_225  | core/lsu/hptw.hptw/WalkerStateReg/IgnoreRequest                                |                1 |              1 |         1.00 |
|  HCLK_OBUF_BUFG | core/lsu/bus.dcache.ahbcacheinterface/AHBBuscachefsm/FSM_onehot_CurrState_reg[6]_CE_cooolgate_en_sig_224  | core/lsu/hptw.hptw/WalkerStateReg/IgnoreRequest                                |                1 |              1 |         1.00 |
|  HCLK_OBUF_BUFG |                                                                                                           | core/lsu/hptw.hptw/WalkerStateReg/IgnoreRequest                                |                1 |              2 |         2.00 |
|  HCLK_OBUF_BUFG | core/lsu/hptw.hptw/WalkerStateReg/q_reg[10]_12                                                            |                                                                                |                1 |              3 |         3.00 |
|  HCLK_OBUF_BUFG | core/lsu/hptw.hptw/WalkerStateReg/q_reg[10]_8                                                             |                                                                                |                3 |              3 |         1.00 |
|  HCLK_OBUF_BUFG | core/lsu/hptw.hptw/WalkerStateReg/q_reg[10]_7                                                             |                                                                                |                1 |              3 |         3.00 |
|  HCLK_OBUF_BUFG | core/lsu/hptw.hptw/WalkerStateReg/q_reg[10]_6                                                             |                                                                                |                3 |              3 |         1.00 |
|  HCLK_OBUF_BUFG | core/lsu/hptw.hptw/WalkerStateReg/q_reg[10]_5                                                             |                                                                                |                1 |              3 |         3.00 |
|  HCLK_OBUF_BUFG | core/lsu/hptw.hptw/WalkerStateReg/q_reg[10]_4                                                             |                                                                                |                1 |              3 |         3.00 |
|  HCLK_OBUF_BUFG | core/lsu/hptw.hptw/WalkerStateReg/q_reg[10]_3                                                             |                                                                                |                1 |              3 |         3.00 |
|  HCLK_OBUF_BUFG | core/lsu/hptw.hptw/WalkerStateReg/q_reg[10]_16                                                            |                                                                                |                1 |              3 |         3.00 |
|  HCLK_OBUF_BUFG | core/lsu/hptw.hptw/WalkerStateReg/q_reg[10]_13                                                            |                                                                                |                1 |              3 |         3.00 |
|  HCLK_OBUF_BUFG | core/lsu/hptw.hptw/WalkerStateReg/q_reg[11]_17                                                            |                                                                                |                1 |              3 |         3.00 |
|  HCLK_OBUF_BUFG | core/lsu/hptw.hptw/WalkerStateReg/q_reg[10]_9                                                             |                                                                                |                1 |              3 |         3.00 |
|  HCLK_OBUF_BUFG | core/lsu/hptw.hptw/WalkerStateReg/q_reg[11]_1                                                             |                                                                                |                2 |              3 |         1.50 |
|  HCLK_OBUF_BUFG | core/lsu/hptw.hptw/WalkerStateReg/q_reg[11]_10                                                            |                                                                                |                1 |              3 |         3.00 |
|  HCLK_OBUF_BUFG | core/lsu/hptw.hptw/WalkerStateReg/q_reg[11]_11                                                            |                                                                                |                1 |              3 |         3.00 |
|  HCLK_OBUF_BUFG | core/lsu/hptw.hptw/WalkerStateReg/q_reg[11]_12                                                            |                                                                                |                3 |              3 |         1.00 |
|  HCLK_OBUF_BUFG | core/lsu/hptw.hptw/WalkerStateReg/q_reg[11]_13                                                            |                                                                                |                1 |              3 |         3.00 |
|  HCLK_OBUF_BUFG | core/lsu/hptw.hptw/WalkerStateReg/q_reg[11]_14                                                            |                                                                                |                3 |              3 |         1.00 |
|  HCLK_OBUF_BUFG | core/lsu/hptw.hptw/WalkerStateReg/q_reg[11]_15                                                            |                                                                                |                1 |              3 |         3.00 |
|  HCLK_OBUF_BUFG | core/lsu/hptw.hptw/WalkerStateReg/q_reg[11]_16                                                            |                                                                                |                3 |              3 |         1.00 |
|  HCLK_OBUF_BUFG | core/ifu/pcreg/q_reg[7]_12                                                                                |                                                                                |                1 |              3 |         3.00 |
|  HCLK_OBUF_BUFG | core/ifu/pcreg/q_reg[7]_9                                                                                 |                                                                                |                1 |              3 |         3.00 |
|  HCLK_OBUF_BUFG | core/lsu/bus.dcache.dcache/vict.cacheLRU/LRUMemory_reg[55][0]_CE_cooolgate_en_sig_143                     |                                                                                |                1 |              3 |         3.00 |
|  HCLK_OBUF_BUFG | core/ifu/pcreg/q_reg[7]_13                                                                                |                                                                                |                2 |              3 |         1.50 |
|  HCLK_OBUF_BUFG | core/ifu/pcreg/q_reg[7]_2                                                                                 |                                                                                |                2 |              3 |         1.50 |
|  HCLK_OBUF_BUFG | core/ifu/pcreg/q_reg[7]_3                                                                                 |                                                                                |                1 |              3 |         3.00 |
|  HCLK_OBUF_BUFG | core/ifu/pcreg/q_reg[7]_4                                                                                 |                                                                                |                2 |              3 |         1.50 |
|  HCLK_OBUF_BUFG | core/ifu/pcreg/q_reg[7]_5                                                                                 |                                                                                |                1 |              3 |         3.00 |
|  HCLK_OBUF_BUFG | core/ifu/pcreg/q_reg[7]_6                                                                                 |                                                                                |                3 |              3 |         1.00 |
|  HCLK_OBUF_BUFG | core/ifu/pcreg/q_reg[7]_7                                                                                 |                                                                                |                1 |              3 |         3.00 |
|  HCLK_OBUF_BUFG | core/ifu/pcreg/q_reg[7]_8                                                                                 |                                                                                |                2 |              3 |         1.50 |
|  HCLK_OBUF_BUFG | core/lsu/hptw.hptw/WalkerStateReg/q_reg[10]_11                                                            |                                                                                |                1 |              3 |         3.00 |
|  HCLK_OBUF_BUFG | core/ifu/pcreg/q_reg[8]_0                                                                                 |                                                                                |                1 |              3 |         3.00 |
|  HCLK_OBUF_BUFG | core/ifu/pcreg/q_reg[8]_1                                                                                 |                                                                                |                2 |              3 |         1.50 |
|  HCLK_OBUF_BUFG | core/lsu/hptw.hptw/WalkerStateReg/FSM_sequential_CurrState_reg[1]_64                                      |                                                                                |                1 |              3 |         3.00 |
|  HCLK_OBUF_BUFG | core/lsu/hptw.hptw/WalkerStateReg/FSM_sequential_CurrState_reg[1]_65                                      |                                                                                |                1 |              3 |         3.00 |
|  HCLK_OBUF_BUFG | core/lsu/hptw.hptw/WalkerStateReg/FSM_sequential_CurrState_reg[1]_67                                      |                                                                                |                1 |              3 |         3.00 |
|  HCLK_OBUF_BUFG | core/lsu/hptw.hptw/WalkerStateReg/FSM_sequential_CurrState_reg[1]_68                                      |                                                                                |                1 |              3 |         3.00 |
|  HCLK_OBUF_BUFG | core/lsu/hptw.hptw/WalkerStateReg/q_reg[10]                                                               |                                                                                |                3 |              3 |         1.00 |
|  HCLK_OBUF_BUFG | core/lsu/hptw.hptw/WalkerStateReg/q_reg[10]_1                                                             |                                                                                |                1 |              3 |         3.00 |
|  HCLK_OBUF_BUFG | core/lsu/hptw.hptw/WalkerStateReg/q_reg[7]_9                                                              |                                                                                |                1 |              3 |         3.00 |
|  HCLK_OBUF_BUFG | core/lsu/hptw.hptw/WalkerStateReg/q_reg[7]_12                                                             |                                                                                |                3 |              3 |         1.00 |
|  HCLK_OBUF_BUFG | core/lsu/hptw.hptw/WalkerStateReg/q_reg[7]_13                                                             |                                                                                |                1 |              3 |         3.00 |
|  HCLK_OBUF_BUFG | core/lsu/hptw.hptw/WalkerStateReg/q_reg[7]_14                                                             |                                                                                |                3 |              3 |         1.00 |
|  HCLK_OBUF_BUFG | core/lsu/hptw.hptw/WalkerStateReg/q_reg[7]_3                                                              |                                                                                |                1 |              3 |         3.00 |
|  HCLK_OBUF_BUFG | core/lsu/hptw.hptw/WalkerStateReg/q_reg[7]_4                                                              |                                                                                |                1 |              3 |         3.00 |
|  HCLK_OBUF_BUFG | core/lsu/hptw.hptw/WalkerStateReg/q_reg[7]_5                                                              |                                                                                |                1 |              3 |         3.00 |
|  HCLK_OBUF_BUFG | core/lsu/hptw.hptw/WalkerStateReg/q_reg[7]_6                                                              |                                                                                |                1 |              3 |         3.00 |
|  HCLK_OBUF_BUFG | core/lsu/hptw.hptw/WalkerStateReg/q_reg[7]_7                                                              |                                                                                |                1 |              3 |         3.00 |
|  HCLK_OBUF_BUFG | core/lsu/hptw.hptw/WalkerStateReg/q_reg[7]_8                                                              |                                                                                |                2 |              3 |         1.50 |
|  HCLK_OBUF_BUFG | core/lsu/hptw.hptw/WalkerStateReg/q_reg[7]_11                                                             |                                                                                |                1 |              3 |         3.00 |
|  HCLK_OBUF_BUFG | core/lsu/hptw.hptw/WalkerStateReg/q_reg[8]_1                                                              |                                                                                |                1 |              3 |         3.00 |
|  HCLK_OBUF_BUFG | core/lsu/bus.dcache.dcache/vict.cacheLRU/LRUMemory_reg[39][0]_CE_cooolgate_en_sig_139                     |                                                                                |                1 |              3 |         3.00 |
|  HCLK_OBUF_BUFG | core/lsu/bus.dcache.dcache/vict.cacheLRU/LRUMemory_reg[57][0]_CE_cooolgate_en_sig_145                     |                                                                                |                3 |              3 |         1.00 |
|  HCLK_OBUF_BUFG | core/priv.priv/ppr/faultregM/q_reg[1]_CE_cooolgate_en_sig_149                                             | core/priv.priv/ppr/faultregM/SR[0]                                             |                1 |              3 |         3.00 |
|  HCLK_OBUF_BUFG | core/lsu/bus.dcache.dcache/vict.cacheLRU/LRUMemory_reg[50][0]_CE_cooolgate_en_sig_141                     |                                                                                |                1 |              3 |         3.00 |
|  HCLK_OBUF_BUFG | core/lsu/bus.dcache.dcache/vict.cacheLRU/LRUMemory_reg[35][0]_CE_cooolgate_en_sig_137                     |                                                                                |                3 |              3 |         1.00 |
|  HCLK_OBUF_BUFG | core/ifu/bus.icache.ahbcacheinterface/AHBBuscachefsm/BeatCountReg/q_reg[0]_CE_cooolgate_en_sig_153        | core/ifu/bus.icache.ahbcacheinterface/AHBBuscachefsm/BeatCountDelayedReg/SR[0] |                1 |              3 |         3.00 |
|  HCLK_OBUF_BUFG | core/lsu/bus.dcache.dcache/vict.cacheLRU/LRUMemory_reg[60][0]_CE_cooolgate_en_sig_147                     |                                                                                |                2 |              3 |         1.50 |
|  HCLK_OBUF_BUFG | core/ifu/bus.icache.ahbcacheinterface/AHBBuscachefsm/BeatCountDelayedReg/q_reg[0]_CE_cooolgate_en_sig_151 | core/ifu/bus.icache.ahbcacheinterface/AHBBuscachefsm/BeatCountDelayedReg/SR[0] |                1 |              3 |         3.00 |
|  HCLK_OBUF_BUFG | core/lsu/hptw.hptw/WalkerStateReg/q_reg[11]_7                                                             |                                                                                |                1 |              3 |         3.00 |
|  HCLK_OBUF_BUFG | core/lsu/hptw.hptw/WalkerStateReg/q_reg[11]_19                                                            |                                                                                |                1 |              3 |         3.00 |
|  HCLK_OBUF_BUFG | core/lsu/hptw.hptw/WalkerStateReg/q_reg[11]_2                                                             |                                                                                |                3 |              3 |         1.00 |
|  HCLK_OBUF_BUFG | core/lsu/hptw.hptw/WalkerStateReg/q_reg[11]_20                                                            |                                                                                |                3 |              3 |         1.00 |
|  HCLK_OBUF_BUFG | core/lsu/hptw.hptw/WalkerStateReg/q_reg[11]_21                                                            |                                                                                |                1 |              3 |         3.00 |
|  HCLK_OBUF_BUFG | core/lsu/hptw.hptw/WalkerStateReg/q_reg[11]_22                                                            |                                                                                |                1 |              3 |         3.00 |
|  HCLK_OBUF_BUFG | core/lsu/hptw.hptw/WalkerStateReg/q_reg[11]_3                                                             |                                                                                |                1 |              3 |         3.00 |
|  HCLK_OBUF_BUFG | core/lsu/hptw.hptw/WalkerStateReg/q_reg[11]_4                                                             |                                                                                |                1 |              3 |         3.00 |
|  HCLK_OBUF_BUFG | core/lsu/hptw.hptw/WalkerStateReg/q_reg[11]_5                                                             |                                                                                |                1 |              3 |         3.00 |
|  HCLK_OBUF_BUFG | core/lsu/hptw.hptw/WalkerStateReg/q_reg[11]_6                                                             |                                                                                |                3 |              3 |         1.00 |
|  HCLK_OBUF_BUFG | core/lsu/hptw.hptw/WalkerStateReg/q_reg[11]_18                                                            |                                                                                |                1 |              3 |         3.00 |
|  HCLK_OBUF_BUFG | core/lsu/hptw.hptw/WalkerStateReg/q_reg[11]_8                                                             |                                                                                |                3 |              3 |         1.00 |
|  HCLK_OBUF_BUFG | core/lsu/hptw.hptw/WalkerStateReg/q_reg[11]_9                                                             |                                                                                |                2 |              3 |         1.50 |
|  HCLK_OBUF_BUFG | core/lsu/hptw.hptw/WalkerStateReg/q_reg[6]_1                                                              |                                                                                |                1 |              3 |         3.00 |
|  HCLK_OBUF_BUFG | core/lsu/hptw.hptw/WalkerStateReg/q_reg[6]_2                                                              |                                                                                |                2 |              3 |         1.50 |
|  HCLK_OBUF_BUFG | core/lsu/hptw.hptw/WalkerStateReg/q_reg[6]_3                                                              |                                                                                |                2 |              3 |         1.50 |
|  HCLK_OBUF_BUFG | core/lsu/hptw.hptw/WalkerStateReg/q_reg[7]                                                                |                                                                                |                3 |              3 |         1.00 |
|  HCLK_OBUF_BUFG | core/lsu/hptw.hptw/WalkerStateReg/q_reg[7]_1                                                              |                                                                                |                3 |              3 |         1.00 |
|  HCLK_OBUF_BUFG | core/lsu/hptw.hptw/WalkerStateReg/q_reg[7]_10                                                             |                                                                                |                1 |              3 |         3.00 |
|  HCLK_OBUF_BUFG | core/ifu/pcreg/q_reg[10]_19                                                                               |                                                                                |                2 |              3 |         1.50 |
|  HCLK_OBUF_BUFG | core/ifu/pcreg/q_reg[11]_12                                                                               |                                                                                |                1 |              3 |         3.00 |
|  HCLK_OBUF_BUFG | core/ifu/pcreg/q_reg[11]_11                                                                               |                                                                                |                2 |              3 |         1.50 |
|  HCLK_OBUF_BUFG | core/ifu/pcreg/q_reg[11]_10                                                                               |                                                                                |                3 |              3 |         1.00 |
|  HCLK_OBUF_BUFG | core/ifu/pcreg/q_reg[11]_1                                                                                |                                                                                |                2 |              3 |         1.50 |
|  HCLK_OBUF_BUFG | core/ifu/pcreg/q_reg[11]_0                                                                                |                                                                                |                2 |              3 |         1.50 |
|  HCLK_OBUF_BUFG | core/ifu/pcreg/q_reg[10]_9                                                                                |                                                                                |                2 |              3 |         1.50 |
|  HCLK_OBUF_BUFG | core/ifu/pcreg/q_reg[10]_8                                                                                |                                                                                |                1 |              3 |         3.00 |
|  HCLK_OBUF_BUFG | core/ifu/pcreg/q_reg[10]_7                                                                                |                                                                                |                1 |              3 |         3.00 |
|  HCLK_OBUF_BUFG | core/ifu/pcreg/q_reg[10]_6                                                                                |                                                                                |                1 |              3 |         3.00 |
|  HCLK_OBUF_BUFG | core/ifu/pcreg/q_reg[10]_5                                                                                |                                                                                |                3 |              3 |         1.00 |
|  HCLK_OBUF_BUFG | core/ifu/pcreg/q_reg[10]_4                                                                                |                                                                                |                1 |              3 |         3.00 |
|  HCLK_OBUF_BUFG | core/ifu/pcreg/q_reg[10]_3                                                                                |                                                                                |                1 |              3 |         3.00 |
|  HCLK_OBUF_BUFG | core/ifu/pcreg/q_reg[10]_2                                                                                |                                                                                |                2 |              3 |         1.50 |
|  HCLK_OBUF_BUFG | core/ifu/pcreg/q_reg[7]_10                                                                                |                                                                                |                2 |              3 |         1.50 |
|  HCLK_OBUF_BUFG | core/ifu/pcreg/q_reg[10]_18                                                                               |                                                                                |                2 |              3 |         1.50 |
|  HCLK_OBUF_BUFG | core/ifu/pcreg/q_reg[10]_17                                                                               |                                                                                |                2 |              3 |         1.50 |
|  HCLK_OBUF_BUFG | core/ifu/pcreg/q_reg[10]_16                                                                               |                                                                                |                2 |              3 |         1.50 |
|  HCLK_OBUF_BUFG | core/ifu/pcreg/q_reg[10]_15                                                                               |                                                                                |                1 |              3 |         3.00 |
|  HCLK_OBUF_BUFG | core/ifu/pcreg/q_reg[10]_14                                                                               |                                                                                |                2 |              3 |         1.50 |
|  HCLK_OBUF_BUFG | core/ifu/pcreg/q_reg[10]_13                                                                               |                                                                                |                1 |              3 |         3.00 |
|  HCLK_OBUF_BUFG | core/ifu/pcreg/q_reg[10]_12                                                                               |                                                                                |                2 |              3 |         1.50 |
|  HCLK_OBUF_BUFG | core/ifu/pcreg/q_reg[10]_11                                                                               |                                                                                |                1 |              3 |         3.00 |
|  HCLK_OBUF_BUFG | core/ifu/pcreg/q_reg[10]_10                                                                               |                                                                                |                1 |              3 |         3.00 |
|  HCLK_OBUF_BUFG | core/ifu/pcreg/q_reg[10]_1                                                                                |                                                                                |                1 |              3 |         3.00 |
|  HCLK_OBUF_BUFG | core/ifu/pcreg/q_reg[10]_0                                                                                |                                                                                |                1 |              3 |         3.00 |
|  HCLK_OBUF_BUFG | core/lsu/hptw.hptw/WalkerStateReg/FSM_sequential_CurrState_reg[1]                                         |                                                                                |                1 |              3 |         3.00 |
|  HCLK_OBUF_BUFG | core/ifu/pcreg/q_reg[7]_11                                                                                |                                                                                |                2 |              3 |         1.50 |
|  HCLK_OBUF_BUFG | core/ifu/pcreg/q_reg[11]_14                                                                               |                                                                                |                2 |              3 |         1.50 |
|  HCLK_OBUF_BUFG | core/ifu/pcreg/q_reg[7]_1                                                                                 |                                                                                |                2 |              3 |         1.50 |
|  HCLK_OBUF_BUFG | core/ifu/pcreg/q_reg[7]_0                                                                                 |                                                                                |                2 |              3 |         1.50 |
|  HCLK_OBUF_BUFG | core/ifu/pcreg/q_reg[6]_3                                                                                 |                                                                                |                2 |              3 |         1.50 |
|  HCLK_OBUF_BUFG | core/ifu/pcreg/q_reg[6]_2                                                                                 |                                                                                |                2 |              3 |         1.50 |
|  HCLK_OBUF_BUFG | core/ifu/pcreg/q_reg[6]_1                                                                                 |                                                                                |                2 |              3 |         1.50 |
|  HCLK_OBUF_BUFG | core/ifu/pcreg/q_reg[6]_0                                                                                 |                                                                                |                1 |              3 |         3.00 |
|  HCLK_OBUF_BUFG | core/ifu/pcreg/q_reg[11]_9                                                                                |                                                                                |                2 |              3 |         1.50 |
|  HCLK_OBUF_BUFG | core/ifu/pcreg/q_reg[11]_8                                                                                |                                                                                |                1 |              3 |         3.00 |
|  HCLK_OBUF_BUFG | core/ifu/pcreg/q_reg[11]_7                                                                                |                                                                                |                2 |              3 |         1.50 |
|  HCLK_OBUF_BUFG | core/ifu/pcreg/q_reg[11]_6                                                                                |                                                                                |                2 |              3 |         1.50 |
|  HCLK_OBUF_BUFG | core/ifu/pcreg/q_reg[11]_5                                                                                |                                                                                |                1 |              3 |         3.00 |
|  HCLK_OBUF_BUFG | core/ifu/pcreg/q_reg[11]_4                                                                                |                                                                                |                1 |              3 |         3.00 |
|  HCLK_OBUF_BUFG | core/ifu/pcreg/q_reg[11]_23                                                                               |                                                                                |                2 |              3 |         1.50 |
|  HCLK_OBUF_BUFG | core/ifu/pcreg/q_reg[11]_3                                                                                |                                                                                |                2 |              3 |         1.50 |
|  HCLK_OBUF_BUFG | core/ifu/pcreg/q_reg[11]_22                                                                               |                                                                                |                1 |              3 |         3.00 |
|  HCLK_OBUF_BUFG | core/ifu/pcreg/q_reg[11]_21                                                                               |                                                                                |                2 |              3 |         1.50 |
|  HCLK_OBUF_BUFG | core/ifu/pcreg/q_reg[11]_20                                                                               |                                                                                |                1 |              3 |         3.00 |
|  HCLK_OBUF_BUFG | core/ifu/pcreg/q_reg[11]_2                                                                                |                                                                                |                2 |              3 |         1.50 |
|  HCLK_OBUF_BUFG | core/ifu/pcreg/q_reg[11]_19                                                                               |                                                                                |                1 |              3 |         3.00 |
|  HCLK_OBUF_BUFG | core/ifu/pcreg/q_reg[11]_18                                                                               |                                                                                |                2 |              3 |         1.50 |
|  HCLK_OBUF_BUFG | core/ifu/pcreg/q_reg[11]_17                                                                               |                                                                                |                2 |              3 |         1.50 |
|  HCLK_OBUF_BUFG | core/ifu/pcreg/q_reg[11]_16                                                                               |                                                                                |                1 |              3 |         3.00 |
|  HCLK_OBUF_BUFG | core/ifu/pcreg/q_reg[11]_15                                                                               |                                                                                |                2 |              3 |         1.50 |
|  HCLK_OBUF_BUFG | core/ifu/pcreg/q_reg[11]_13                                                                               |                                                                                |                3 |              3 |         1.00 |
|  HCLK_OBUF_BUFG | core/ebu.ebu/ebufsmarb/FinalBeatReg/LSUHREADY                                                             | core/ebu.ebu/ebufsmarb/FinalBeatReg/q_reg[0]_1                                 |                1 |              4 |         4.00 |
|  HCLK_OBUF_BUFG | core/ebu.ebu/ebufsmarb/FinalBeatReg/LSUHREADY                                                             |                                                                                |                2 |              4 |         2.00 |
|  HCLK_OBUF_BUFG | core/lsu/bus.dcache.dcache/flushlogic.FlushWayReg/q_reg[0]_CE_cooolgate_en_sig_115                        |                                                                                |                1 |              4 |         4.00 |
|  HCLK_OBUF_BUFG | core/ebu.ebu/IFUInput/SaveReg/q_reg[64]_CE_cooolgate_en_sig_117                                           |                                                                                |                3 |              4 |         1.33 |
|  HCLK_OBUF_BUFG |                                                                                                           | core/ebu.ebu/ebufsmarb/BeatCounter/cntrflop/q[3]_i_1__3_n_0                    |                1 |              4 |         4.00 |
|  HCLK_OBUF_BUFG | core/ifu/pcreg/q_reg[12]_CE_cooolgate_en_sig_113                                                          | core/priv.priv/ppr/faultregM/SR[0]                                             |                3 |              5 |         1.67 |
|  HCLK_OBUF_BUFG | core/ifu/immu.immu/tlb.tlb/lru/lrustate/WriteEnables[6]                                                   |                                                                                |                1 |              6 |         6.00 |
|  HCLK_OBUF_BUFG |                                                                                                           | core/priv.priv/privmode/privmode.privmodereg/FlushE                            |                4 |              6 |         1.50 |
|  HCLK_OBUF_BUFG | core/lsu/bus.dcache.ahbcacheinterface/AHBBuscachefsm/BeatCountDelayedReg/E[0]                             | core/lsu/bus.dcache.ahbcacheinterface/AHBBuscachefsm/BeatCountDelayedReg/SR[0] |                1 |              6 |         6.00 |
|  HCLK_OBUF_BUFG | core/ifu/immu.immu/tlb.tlb/lru/lrustate/WriteEnables[12]                                                  |                                                                                |                1 |              6 |         6.00 |
|  HCLK_OBUF_BUFG | core/ifu/immu.immu/tlb.tlb/lru/lrustate/WriteEnables[11]                                                  |                                                                                |                1 |              6 |         6.00 |
|  HCLK_OBUF_BUFG | core/ifu/immu.immu/tlb.tlb/lru/lrustate/WriteEnables[10]                                                  |                                                                                |                3 |              6 |         2.00 |
|  HCLK_OBUF_BUFG | core/ifu/immu.immu/tlb.tlb/lru/lrustate/WriteEnables[8]                                                   |                                                                                |                2 |              6 |         3.00 |
|  HCLK_OBUF_BUFG | core/ifu/immu.immu/tlb.tlb/lru/lrustate/WriteEnables[7]                                                   |                                                                                |                2 |              6 |         3.00 |
|  HCLK_OBUF_BUFG | core/ifu/immu.immu/tlb.tlb/lru/lrustate/WriteEnables[9]                                                   |                                                                                |                2 |              6 |         3.00 |
|  HCLK_OBUF_BUFG | core/ifu/immu.immu/tlb.tlb/lru/lrustate/WriteEnables[5]                                                   |                                                                                |                2 |              6 |         3.00 |
|  HCLK_OBUF_BUFG | core/ifu/immu.immu/tlb.tlb/lru/lrustate/WriteEnables[4]                                                   |                                                                                |                2 |              6 |         3.00 |
|  HCLK_OBUF_BUFG | core/ifu/immu.immu/tlb.tlb/lru/lrustate/WriteEnables[3]                                                   |                                                                                |                2 |              6 |         3.00 |
|  HCLK_OBUF_BUFG | core/ifu/immu.immu/tlb.tlb/lru/lrustate/WriteEnables[2]                                                   |                                                                                |                1 |              6 |         6.00 |
|  HCLK_OBUF_BUFG | core/ifu/immu.immu/tlb.tlb/lru/lrustate/WriteEnables[25]                                                  |                                                                                |                2 |              6 |         3.00 |
|  HCLK_OBUF_BUFG | core/lsu/bus.dcache.dcache/cachefsm/FSM_sequential_CurrState_reg[2]_2[0]                                  | core/lsu/bus.dcache.dcache/cachefsm/SR[0]                                      |                1 |              6 |         6.00 |
|  HCLK_OBUF_BUFG | core/ifu/immu.immu/tlb.tlb/lru/lrustate/WriteEnables[1]                                                   |                                                                                |                2 |              6 |         3.00 |
|  HCLK_OBUF_BUFG | core/ifu/immu.immu/tlb.tlb/lru/lrustate/WriteEnables[0]                                                   |                                                                                |                3 |              6 |         2.00 |
|  HCLK_OBUF_BUFG | core/ifu/immu.immu/tlb.tlb/lru/lrustate/WriteEnables[23]                                                  |                                                                                |                1 |              6 |         6.00 |
|  HCLK_OBUF_BUFG | core/lsu/hptw.hptw/WalkerStateReg/hptwwrites.SaveHPTWAdr                                                  |                                                                                |                2 |              6 |         3.00 |
|  HCLK_OBUF_BUFG | core/lsu/hptw.hptw/WalkerStateReg/q_reg[1]_37[0]                                                          |                                                                                |                1 |              6 |         6.00 |
|  HCLK_OBUF_BUFG | core/ifu/immu.immu/tlb.tlb/lru/lrustate/WriteEnables[30]                                                  |                                                                                |                2 |              6 |         3.00 |
|  HCLK_OBUF_BUFG | core/ifu/immu.immu/tlb.tlb/lru/lrustate/WriteEnables[29]                                                  |                                                                                |                2 |              6 |         3.00 |
|  HCLK_OBUF_BUFG | core/ifu/immu.immu/tlb.tlb/lru/lrustate/WriteEnables[28]                                                  |                                                                                |                3 |              6 |         2.00 |
|  HCLK_OBUF_BUFG | core/ifu/immu.immu/tlb.tlb/lru/lrustate/WriteEnables[27]                                                  |                                                                                |                1 |              6 |         6.00 |
|  HCLK_OBUF_BUFG | core/ifu/immu.immu/tlb.tlb/lru/lrustate/WriteEnables[26]                                                  |                                                                                |                2 |              6 |         3.00 |
|  HCLK_OBUF_BUFG | core/ifu/immu.immu/tlb.tlb/lru/lrustate/WriteEnables[24]                                                  |                                                                                |                1 |              6 |         6.00 |
|  HCLK_OBUF_BUFG | core/ifu/immu.immu/tlb.tlb/lru/lrustate/WriteEnables[22]                                                  |                                                                                |                1 |              6 |         6.00 |
|  HCLK_OBUF_BUFG | core/ifu/immu.immu/tlb.tlb/lru/lrustate/WriteEnables[21]                                                  |                                                                                |                1 |              6 |         6.00 |
|  HCLK_OBUF_BUFG | core/ifu/immu.immu/tlb.tlb/lru/lrustate/WriteEnables[20]                                                  |                                                                                |                1 |              6 |         6.00 |
|  HCLK_OBUF_BUFG | core/ifu/immu.immu/tlb.tlb/lru/lrustate/WriteEnables[19]                                                  |                                                                                |                2 |              6 |         3.00 |
|  HCLK_OBUF_BUFG | core/ifu/immu.immu/tlb.tlb/lru/lrustate/WriteEnables[18]                                                  |                                                                                |                2 |              6 |         3.00 |
|  HCLK_OBUF_BUFG | core/ifu/immu.immu/tlb.tlb/lru/lrustate/WriteEnables[13]                                                  |                                                                                |                1 |              6 |         6.00 |
|  HCLK_OBUF_BUFG | core/ifu/immu.immu/tlb.tlb/lru/lrustate/WriteEnables[17]                                                  |                                                                                |                2 |              6 |         3.00 |
|  HCLK_OBUF_BUFG | core/ifu/immu.immu/tlb.tlb/lru/lrustate/WriteEnables[14]                                                  |                                                                                |                1 |              6 |         6.00 |
|  HCLK_OBUF_BUFG | core/ifu/immu.immu/tlb.tlb/lru/lrustate/WriteEnables[15]                                                  |                                                                                |                2 |              6 |         3.00 |
|  HCLK_OBUF_BUFG | core/ifu/immu.immu/tlb.tlb/lru/lrustate/WriteEnables[16]                                                  |                                                                                |                2 |              6 |         3.00 |
|  HCLK_OBUF_BUFG | core/lsu/bus.dcache.dcache/CacheWays[2]/dirty.DirtyBits_reg[51]_CE_cooolgate_en_sig_13                    |                                                                                |                3 |             13 |         4.33 |
|  HCLK_OBUF_BUFG | core/lsu/bus.dcache.dcache/CacheWays[3]/dirty.DirtyBits_reg[51]_CE_cooolgate_en_sig_14                    |                                                                                |                6 |             13 |         2.17 |
|  HCLK_OBUF_BUFG | core/lsu/bus.dcache.dcache/CacheWays[1]/dirty.DirtyBits_reg[51]_CE_cooolgate_en_sig_12                    |                                                                                |                5 |             13 |         2.60 |
|  HCLK_OBUF_BUFG | core/lsu/bus.dcache.dcache/CacheWays[0]/dirty.DirtyBits_reg[50]_CE_cooolgate_en_sig_11                    |                                                                                |                4 |             14 |         3.50 |
|  HCLK_OBUF_BUFG | core/ifu/bus.icache.icache/cachefsm/FSM_sequential_CurrState_reg[2]_2                                     |                                                                                |                9 |             28 |         3.11 |
|  HCLK_OBUF_BUFG | core/lsu/bus.dcache.dcache/cachefsm/FSM_sequential_CurrState_reg[1]_2                                     |                                                                                |               14 |             32 |         2.29 |
|  HCLK_OBUF_BUFG | core/lsu/hptw.hptw/WalkerStateReg/q_reg[1]_36                                                             | core/ifu/immu.immu/tlb.tlb/lru/lrustate/q[31]_i_1_n_0                          |               21 |             32 |         1.52 |
|  HCLK_OBUF_BUFG | core/lsu/hptw.hptw/WalkerStateReg/q_reg[1]_41                                                             | core/lsu/dmmu.dmmu/tlb.tlb/lru/lrustate/q[31]_i_1__0_n_0                       |               14 |             32 |         2.29 |
|  HCLK_OBUF_BUFG | core/lsu/bus.dcache.dcache/CacheWays[0]/dirty.DirtyBits_reg[0]_CE_cooolgate_en_sig_10                     |                                                                                |               14 |             50 |         3.57 |
|  HCLK_OBUF_BUFG | core/lsu/bus.dcache.dcache/CacheWays[3]/dirty.DirtyBits_reg[0]_CE_cooolgate_en_sig_9                      |                                                                                |               17 |             51 |         3.00 |
|  HCLK_OBUF_BUFG | core/lsu/bus.dcache.dcache/CacheWays[2]/dirty.DirtyBits_reg[0]_CE_cooolgate_en_sig_8                      |                                                                                |               12 |             51 |         4.25 |
|  HCLK_OBUF_BUFG | core/lsu/bus.dcache.dcache/CacheWays[1]/dirty.DirtyBits_reg[0]_CE_cooolgate_en_sig_7                      |                                                                                |               14 |             51 |         3.64 |
|  HCLK_OBUF_BUFG | core/lsu/bus.dcache.dcache/CacheWays[0]/ValidBits_reg[51]_CE_cooolgate_en_sig_6                           |                                                                                |               12 |             52 |         4.33 |
|  HCLK_OBUF_BUFG | core/ifu/pcreg/q_reg[10]_CE_cooolgate_en_sig_5                                                            | core/priv.priv/ppr/faultregM/SR[0]                                             |               17 |             58 |         3.41 |
|  HCLK_OBUF_BUFG | core/lsu/p_0_in__0                                                                                        |                                                                                |                8 |             60 |         7.50 |
|  HCLK_OBUF_BUFG | core/ifu/bus.icache.icache/cachefsm/p_0_in                                                                |                                                                                |                8 |             60 |         7.50 |
|  HCLK_OBUF_BUFG | core/lsu/p_0_in_0                                                                                         |                                                                                |                8 |             60 |         7.50 |
|  HCLK_OBUF_BUFG | core/ifu/bus.icache.icache/cachefsm/p_0_in__0                                                             |                                                                                |                8 |             60 |         7.50 |
|  HCLK_OBUF_BUFG | core/ifu/bus.icache.icache/cachefsm/p_0_in__1                                                             |                                                                                |                8 |             60 |         7.50 |
|  HCLK_OBUF_BUFG | core/ifu/bus.icache.icache/cachefsm/p_0_in__2                                                             |                                                                                |                8 |             60 |         7.50 |
|  HCLK_OBUF_BUFG | core/lsu/p_0_in__1                                                                                        |                                                                                |                8 |             60 |         7.50 |
|  HCLK_OBUF_BUFG | core/lsu/p_0_in__2                                                                                        |                                                                                |                8 |             60 |         7.50 |
|  HCLK_OBUF_BUFG | core/ieu/c/controlregD/en0                                                                                |                                                                                |               17 |             65 |         3.82 |
|  HCLK_OBUF_BUFG | core/ieu/c/controlregD/en0                                                                                | core/ieu/c/controlregD/q_reg[0]_1                                              |               19 |             69 |         3.63 |
|  HCLK_OBUF_BUFG |                                                                                                           |                                                                                |               57 |             80 |         1.40 |
|  HCLK_OBUF_BUFG | core/lsu/bus.dcache.dcache/CacheWays[0]/ValidBits_reg[0]_CE_cooolgate_en_sig_2                            |                                                                                |               46 |            204 |         4.43 |
|  HCLK_OBUF_BUFG | core/priv.priv/ppr/faultregM/FSM_sequential_CurrState_reg[2]                                              |                                                                                |               67 |            252 |         3.76 |
+-----------------+-----------------------------------------------------------------------------------------------------------+--------------------------------------------------------------------------------+------------------+----------------+--------------+


